<?xml version="1.0" encoding="UTF-8"?>
<testng-results ignored="0" total="1" passed="1" failed="0" skipped="0">
  <reporter-output>
  </reporter-output>
  <suite started-at="2022-03-28T23:43:40 IST" name="Default suite" finished-at="2022-03-28T23:44:24 IST" duration-ms="43960">
    <groups>
    </groups>
    <test started-at="2022-03-28T23:43:40 IST" name="Default test" finished-at="2022-03-28T23:44:24 IST" duration-ms="43960">
      <class name="com.TestNG.HomePageTest">
        <test-method is-config="true" signature="setUp()[pri:0, instance:com.TestNG.HomePageTest@4313f5bc]" started-at="2022-03-28T23:43:40 IST" name="setUp" finished-at="2022-03-28T23:44:01 IST" duration-ms="20567" status="PASS">
          <reporter-output>
          </reporter-output>
        </test-method> <!-- setUp -->
        <test-method signature="clickOnSearch()[pri:1, instance:com.TestNG.HomePageTest@4313f5bc]" started-at="2022-03-28T23:44:01 IST" name="clickOnSearch" finished-at="2022-03-28T23:44:24 IST" duration-ms="23332" status="PASS">
          <reporter-output>
          </reporter-output>
        </test-method> <!-- clickOnSearch -->
      </class> <!-- com.TestNG.HomePageTest -->
    </test> <!-- Default test -->
  </suite> <!-- Default suite -->
</testng-results>
